sdk/native/face-detection/openCVSamplefacedetection/build/intermediates/manifest_merge_blame_file/debug/manifest-merger-blame-debug-report.txt
1<?xml version="1.0" encoding="utf-8"?>
2<manifest xmlns:android="http://schemas.android.com/apk/res/android"
3    package="org.opencv.samples.facedetect"
4    android:versionCode="21"
5    android:versionName="2.1" >
6
7    <uses-sdk
8        android:minSdkVersion="8"
8-->src\main\AndroidManifest.xml
9        android:targetSdkVersion="30" />
9-->src\main\AndroidManifest.xml
10
11    <supports-screens
11-->src\main\AndroidManifest.xml:23:5-27:51
12        android:anyDensity="true"
12-->src\main\AndroidManifest.xml:27:23-48
13        android:largeScreens="true"
13-->src\main\AndroidManifest.xml:26:23-50
14        android:normalScreens="true"
14-->src\main\AndroidManifest.xml:25:23-51
15        android:resizeable="true"
15-->src\main\AndroidManifest.xml:23:23-48
16        android:smallScreens="true" />
16-->src\main\AndroidManifest.xml:24:23-50
17
18    <uses-permission android:name="android.permission.CAMERA" />
18-->src\main\AndroidManifest.xml:30:5-64
18-->src\main\AndroidManifest.xml:30:22-62
19
20    <uses-feature android:name="android.hardware.camera" />
20-->src\main\AndroidManifest.xml:32:5-59
20-->src\main\AndroidManifest.xml:32:19-57
21    <uses-feature android:name="android.hardware.camera.autofocus" />
21-->src\main\AndroidManifest.xml:33:5-69
21-->src\main\AndroidManifest.xml:33:19-67
22    <uses-feature android:name="android.hardware.camera.front" />
22-->src\main\AndroidManifest.xml:34:5-65
22-->src\main\AndroidManifest.xml:34:19-63
23    <uses-feature android:name="android.hardware.camera.front.autofocus" />
23-->src\main\AndroidManifest.xml:35:5-75
23-->src\main\AndroidManifest.xml:35:19-73
24
25    <application
25-->src\main\AndroidManifest.xml:7:5-21:19
26        android:debuggable="true"
27        android:icon="@drawable/icon"
27-->src\main\AndroidManifest.xml:9:9-38
28        android:label="@string/app_name"
28-->src\main\AndroidManifest.xml:8:9-41
29        android:testOnly="true"
30        android:theme="@android:style/Theme.NoTitleBar.Fullscreen" >
30-->src\main\AndroidManifest.xml:10:9-67
31        <activity
31-->src\main\AndroidManifest.xml:12:9-20:20
32            android:name="org.opencv.samples.facedetect.FdActivity"
32-->src\main\AndroidManifest.xml:12:19-44
33            android:configChanges="keyboardHidden|orientation"
33-->src\main\AndroidManifest.xml:15:19-69
34            android:label="@string/app_name"
34-->src\main\AndroidManifest.xml:13:19-51
35            android:screenOrientation="landscape" >
35-->src\main\AndroidManifest.xml:14:19-56
36            <intent-filter>
36-->src\main\AndroidManifest.xml:16:13-19:29
37                <action android:name="android.intent.action.MAIN" />
37-->src\main\AndroidManifest.xml:17:17-69
37-->src\main\AndroidManifest.xml:17:25-66
38
39                <category android:name="android.intent.category.LAUNCHER" />
39-->src\main\AndroidManifest.xml:18:17-77
39-->src\main\AndroidManifest.xml:18:27-74
40            </intent-filter>
41        </activity>
42    </application>
43
44</manifest>